[debug] [2026-03-16T08:24:03.542Z] ----------------------------------------------------------------------
[debug] [2026-03-16T08:24:03.546Z] Command:       C:\Program Files\nodejs\node.exe C:\Users\prana\AppData\Roaming\npm\node_modules\firebase-tools\lib\bin\firebase.js projects:list
[debug] [2026-03-16T08:24:03.547Z] CLI Version:   15.7.0
[debug] [2026-03-16T08:24:03.547Z] Platform:      win32
[debug] [2026-03-16T08:24:03.547Z] Node Version:  v24.13.1
[debug] [2026-03-16T08:24:03.547Z] Time:          Mon Mar 16 2026 13:54:03 GMT+0530 (India Standard Time)
[debug] [2026-03-16T08:24:03.547Z] ----------------------------------------------------------------------
[debug] 
[debug] [2026-03-16T08:24:03.904Z] > command requires scopes: ["email","openid","https://www.googleapis.com/auth/cloudplatformprojects.readonly","https://www.googleapis.com/auth/firebase","https://www.googleapis.com/auth/cloud-platform"]
[debug] [2026-03-16T08:24:03.904Z] > authorizing via signed-in user (manureddypadala5393@gmail.com)
[debug] [2026-03-16T08:24:03.944Z] Checked if tokens are valid: false, expires at: 1773300677407
[debug] [2026-03-16T08:24:03.945Z] Checked if tokens are valid: false, expires at: 1773300677407
[debug] [2026-03-16T08:24:03.947Z] > refreshing access token with scopes: []
[debug] [2026-03-16T08:24:03.954Z] >>> [apiv2][query] POST https://www.googleapis.com/oauth2/v3/token [none]
[debug] [2026-03-16T08:24:03.954Z] >>> [apiv2][body] POST https://www.googleapis.com/oauth2/v3/token [omitted]
[debug] [2026-03-16T08:24:04.929Z] <<< [apiv2][status] POST https://www.googleapis.com/oauth2/v3/token 400
[debug] [2026-03-16T08:24:04.929Z] <<< [apiv2][body] POST https://www.googleapis.com/oauth2/v3/token [omitted]
[debug] [2026-03-16T08:24:04.931Z] >>> [apiv2][query] GET https://firebase.googleapis.com/v1beta1/projects pageSize=1000
[debug] [2026-03-16T08:24:06.716Z] <<< [apiv2][status] GET https://firebase.googleapis.com/v1beta1/projects 401
[debug] [2026-03-16T08:24:06.717Z] <<< [apiv2][body] GET https://firebase.googleapis.com/v1beta1/projects [omitted]
[debug] [2026-03-16T08:24:06.717Z] Got a 401 Unauthenticated error for a call that required authentication. Refreshing tokens.
[debug] [2026-03-16T08:24:06.717Z] Checked if tokens are valid: false, expires at: 1773300677407
[debug] [2026-03-16T08:24:06.717Z] Checked if tokens are valid: false, expires at: 1773300677407
[debug] [2026-03-16T08:24:06.717Z] > refreshing access token with scopes: []
[debug] [2026-03-16T08:24:06.718Z] >>> [apiv2][query] POST https://www.googleapis.com/oauth2/v3/token [none]
[debug] [2026-03-16T08:24:06.718Z] >>> [apiv2][body] POST https://www.googleapis.com/oauth2/v3/token [omitted]
[debug] [2026-03-16T08:24:06.832Z] <<< [apiv2][status] POST https://www.googleapis.com/oauth2/v3/token 400
[debug] [2026-03-16T08:24:06.833Z] <<< [apiv2][body] POST https://www.googleapis.com/oauth2/v3/token [omitted]
[debug] [2026-03-16T08:24:06.835Z] Request to https://firebase.googleapis.com/v1beta1/projects?pageSize=1000 had HTTP Error: 401, Request had invalid authentication credentials. Expected OAuth 2 access token, login cookie or other valid authentication credential. See https://developers.google.com/identity/sign-in/web/devconsole-project.
[debug] [2026-03-16T08:24:07.814Z] FirebaseError: Request to https://firebase.googleapis.com/v1beta1/projects?pageSize=1000 had HTTP Error: 401, Request had invalid authentication credentials. Expected OAuth 2 access token, login cookie or other valid authentication credential. See https://developers.google.com/identity/sign-in/web/devconsole-project.
    at responseToError (C:\Users\prana\AppData\Roaming\npm\node_modules\firebase-tools\lib\responseToError.js:53:12)
    at RetryOperation._fn (C:\Users\prana\AppData\Roaming\npm\node_modules\firebase-tools\lib\apiv2.js:330:77)
    at process.processTicksAndRejections (node:internal/process/task_queues:103:5)
[error] 
[error] Error: Failed to list Firebase projects. See firebase-debug.log for more info.
